<?xml version="1.0" encoding="UTF-8"?>
<coverage generated="1621779222541" clover="3.2.0">
  <project timestamp="1621779222541" name="All files">
    <metrics statements="95" coveredstatements="38" conditionals="35" coveredconditionals="19" methods="41" coveredmethods="23" elements="171" coveredelements="80" complexity="0" loc="95" ncloc="95" packages="1" files="1" classes="1"/>
    <file name="CuteSet.js" path="/home/kostia/projects/cute-set/lib/CuteSet.js">
      <metrics statements="95" coveredstatements="38" conditionals="35" coveredconditionals="19" methods="41" coveredmethods="23"/>
      <line num="26" count="143" type="stmt"/>
      <line num="28" count="143" type="stmt"/>
      <line num="29" count="1" type="stmt"/>
      <line num="30" count="4" type="stmt"/>
      <line num="36" count="0" type="stmt"/>
      <line num="37" count="0" type="stmt"/>
      <line num="42" count="0" type="stmt"/>
      <line num="46" count="0" type="stmt"/>
      <line num="50" count="0" type="stmt"/>
      <line num="54" count="5" type="cond" truecount="3" falsecount="1"/>
      <line num="55" count="0" type="stmt"/>
      <line num="56" count="5" type="cond" truecount="1" falsecount="1"/>
      <line num="57" count="0" type="stmt"/>
      <line num="60" count="5" type="stmt"/>
      <line num="62" count="5" type="cond" truecount="2" falsecount="0"/>
      <line num="63" count="1" type="stmt"/>
      <line num="64" count="4" type="stmt"/>
      <line num="67" count="5" type="stmt"/>
      <line num="72" count="27" type="stmt"/>
      <line num="73" count="27" type="stmt"/>
      <line num="77" count="0" type="stmt"/>
      <line num="81" count="22" type="stmt"/>
      <line num="82" count="72" type="stmt"/>
      <line num="86" count="3" type="stmt"/>
      <line num="87" count="3" type="stmt"/>
      <line num="91" count="7" type="stmt"/>
      <line num="95" count="15" type="stmt"/>
      <line num="96" count="15" type="stmt"/>
      <line num="100" count="25" type="stmt"/>
      <line num="101" count="75" type="stmt"/>
      <line num="105" count="13" type="stmt"/>
      <line num="106" count="13" type="stmt"/>
      <line num="110" count="4" type="stmt"/>
      <line num="111" count="4" type="stmt"/>
      <line num="115" count="0" type="stmt"/>
      <line num="119" count="0" type="stmt"/>
      <line num="120" count="0" type="stmt"/>
      <line num="121" count="0" type="stmt"/>
      <line num="122" count="0" type="stmt"/>
      <line num="123" count="0" type="cond" truecount="0" falsecount="2"/>
      <line num="124" count="0" type="stmt"/>
      <line num="126" count="0" type="stmt"/>
      <line num="130" count="0" type="stmt"/>
      <line num="132" count="0" type="stmt"/>
      <line num="133" count="0" type="stmt"/>
      <line num="134" count="0" type="stmt"/>
      <line num="135" count="0" type="stmt"/>
      <line num="136" count="0" type="stmt"/>
      <line num="137" count="0" type="stmt"/>
      <line num="138" count="0" type="stmt"/>
      <line num="144" count="0" type="cond" truecount="0" falsecount="2"/>
      <line num="145" count="0" type="stmt"/>
      <line num="148" count="0" type="stmt"/>
      <line num="149" count="0" type="stmt"/>
      <line num="150" count="0" type="stmt"/>
      <line num="151" count="0" type="stmt"/>
      <line num="152" count="0" type="cond" truecount="0" falsecount="2"/>
      <line num="153" count="0" type="stmt"/>
      <line num="156" count="0" type="stmt"/>
      <line num="160" count="0" type="stmt"/>
      <line num="161" count="0" type="stmt"/>
      <line num="162" count="0" type="stmt"/>
      <line num="163" count="0" type="stmt"/>
      <line num="164" count="0" type="stmt"/>
      <line num="165" count="0" type="stmt"/>
      <line num="166" count="0" type="stmt"/>
      <line num="167" count="0" type="stmt"/>
      <line num="168" count="0" type="stmt"/>
      <line num="170" count="0" type="stmt"/>
      <line num="171" count="0" type="cond" truecount="0" falsecount="2"/>
      <line num="172" count="0" type="cond" truecount="0" falsecount="2"/>
      <line num="173" count="0" type="stmt"/>
      <line num="174" count="0" type="stmt"/>
      <line num="175" count="0" type="stmt"/>
      <line num="177" count="0" type="stmt"/>
      <line num="178" count="0" type="stmt"/>
      <line num="184" count="156" type="stmt"/>
      <line num="188" count="13" type="stmt"/>
      <line num="192" count="0" type="stmt"/>
      <line num="196" count="0" type="stmt"/>
      <line num="200" count="10" type="stmt"/>
      <line num="204" count="5" type="stmt"/>
      <line num="208" count="2" type="stmt"/>
      <line num="212" count="129" type="stmt"/>
      <line num="216" count="28" type="stmt"/>
      <line num="220" count="0" type="stmt"/>
      <line num="224" count="0" type="cond" truecount="0" falsecount="2"/>
      <line num="225" count="0" type="stmt"/>
      <line num="227" count="0" type="stmt"/>
      <line num="231" count="0" type="stmt"/>
      <line num="240" count="166" type="cond" truecount="2" falsecount="0"/>
      <line num="241" count="160" type="cond" truecount="4" falsecount="0"/>
      <line num="245" count="109" type="cond" truecount="2" falsecount="0"/>
      <line num="248" count="1" type="cond" truecount="3" falsecount="1"/>
      <line num="249" count="1" type="stmt"/>
    </file>
  </project>
</coverage>
