{"/home/kostia/projects/cute-set/lib/CuteSet.js": {"path":"/home/kostia/projects/cute-set/lib/CuteSet.js","statementMap":{"0":{"start":{"line":26,"column":8},"end":{"line":26,"column":44}},"1":{"start":{"line":28,"column":8},"end":{"line":32,"column":9}},"2":{"start":{"line":29,"column":12},"end":{"line":31,"column":13}},"3":{"start":{"line":30,"column":16},"end":{"line":30,"column":24}},"4":{"start":{"line":36,"column":8},"end":{"line":38,"column":9}},"5":{"start":{"line":37,"column":12},"end":{"line":37,"column":26}},"6":{"start":{"line":42,"column":8},"end":{"line":42,"column":60}},"7":{"start":{"line":46,"column":8},"end":{"line":46,"column":57}},"8":{"start":{"line":50,"column":8},"end":{"line":50,"column":54}},"9":{"start":{"line":54,"column":8},"end":{"line":58,"column":9}},"10":{"start":{"line":55,"column":12},"end":{"line":55,"column":32}},"11":{"start":{"line":56,"column":15},"end":{"line":58,"column":9}},"12":{"start":{"line":57,"column":12},"end":{"line":57,"column":76}},"13":{"start":{"line":60,"column":8},"end":{"line":60,"column":39}},"14":{"start":{"line":62,"column":8},"end":{"line":66,"column":9}},"15":{"start":{"line":63,"column":12},"end":{"line":65,"column":14}},"16":{"start":{"line":64,"column":16},"end":{"line":64,"column":39}},"17":{"start":{"line":67,"column":8},"end":{"line":67,"column":34}},"18":{"start":{"line":72,"column":20},"end":{"line":72,"column":36}},"19":{"start":{"line":73,"column":8},"end":{"line":73,"column":66}},"20":{"start":{"line":77,"column":8},"end":{"line":77,"column":30}},"21":{"start":{"line":81,"column":8},"end":{"line":81,"column":29}},"22":{"start":{"line":82,"column":8},"end":{"line":82,"column":67}},"23":{"start":{"line":82,"column":54},"end":{"line":82,"column":65}},"24":{"start":{"line":86,"column":8},"end":{"line":86,"column":29}},"25":{"start":{"line":87,"column":8},"end":{"line":87,"column":31}},"26":{"start":{"line":91,"column":8},"end":{"line":91,"column":36}},"27":{"start":{"line":95,"column":8},"end":{"line":95,"column":29}},"28":{"start":{"line":96,"column":8},"end":{"line":96,"column":66}},"29":{"start":{"line":100,"column":8},"end":{"line":100,"column":29}},"30":{"start":{"line":101,"column":8},"end":{"line":101,"column":66}},"31":{"start":{"line":101,"column":54},"end":{"line":101,"column":64}},"32":{"start":{"line":105,"column":8},"end":{"line":105,"column":29}},"33":{"start":{"line":106,"column":8},"end":{"line":106,"column":57}},"34":{"start":{"line":110,"column":8},"end":{"line":110,"column":29}},"35":{"start":{"line":111,"column":8},"end":{"line":111,"column":49}},"36":{"start":{"line":115,"column":8},"end":{"line":115,"column":52}},"37":{"start":{"line":119,"column":18},"end":{"line":119,"column":31}},"38":{"start":{"line":120,"column":18},"end":{"line":120,"column":40}},"39":{"start":{"line":121,"column":8},"end":{"line":125,"column":9}},"40":{"start":{"line":122,"column":25},"end":{"line":122,"column":35}},"41":{"start":{"line":123,"column":12},"end":{"line":123,"column":35}},"42":{"start":{"line":123,"column":29},"end":{"line":123,"column":35}},"43":{"start":{"line":124,"column":12},"end":{"line":124,"column":34}},"44":{"start":{"line":126,"column":8},"end":{"line":126,"column":32}},"45":{"start":{"line":130,"column":18},"end":{"line":130,"column":32}},"46":{"start":{"line":132,"column":30},"end":{"line":132,"column":116}},"47":{"start":{"line":133,"column":18},"end":{"line":133,"column":20}},"48":{"start":{"line":134,"column":8},"end":{"line":140,"column":9}},"49":{"start":{"line":134,"column":19},"end":{"line":134,"column":20}},"50":{"start":{"line":135,"column":22},"end":{"line":135,"column":35}},"51":{"start":{"line":136,"column":12},"end":{"line":136,"column":55}},"52":{"start":{"line":137,"column":12},"end":{"line":139,"column":16}},"53":{"start":{"line":138,"column":16},"end":{"line":138,"column":35}},"54":{"start":{"line":144,"column":8},"end":{"line":146,"column":9}},"55":{"start":{"line":145,"column":12},"end":{"line":145,"column":85}},"56":{"start":{"line":148,"column":18},"end":{"line":148,"column":31}},"57":{"start":{"line":149,"column":18},"end":{"line":149,"column":45}},"58":{"start":{"line":150,"column":8},"end":{"line":154,"column":9}},"59":{"start":{"line":151,"column":23},"end":{"line":151,"column":33}},"60":{"start":{"line":152,"column":12},"end":{"line":152,"column":32}},"61":{"start":{"line":152,"column":26},"end":{"line":152,"column":32}},"62":{"start":{"line":153,"column":12},"end":{"line":153,"column":31}},"63":{"start":{"line":156,"column":8},"end":{"line":156,"column":19}},"64":{"start":{"line":160,"column":18},"end":{"line":160,"column":32}},"65":{"start":{"line":161,"column":16},"end":{"line":161,"column":26}},"66":{"start":{"line":162,"column":16},"end":{"line":162,"column":81}},"67":{"start":{"line":162,"column":71},"end":{"line":162,"column":79}},"68":{"start":{"line":163,"column":14},"end":{"line":163,"column":15}},"69":{"start":{"line":164,"column":8},"end":{"line":164,"column":31}},"70":{"start":{"line":165,"column":19},"end":{"line":169,"column":9}},"71":{"start":{"line":166,"column":20},"end":{"line":166,"column":26}},"72":{"start":{"line":167,"column":12},"end":{"line":167,"column":28}},"73":{"start":{"line":168,"column":12},"end":{"line":168,"column":23}},"74":{"start":{"line":170,"column":8},"end":{"line":180,"column":9}},"75":{"start":{"line":171,"column":12},"end":{"line":179,"column":13}},"76":{"start":{"line":172,"column":16},"end":{"line":172,"column":65}},"77":{"start":{"line":173,"column":16},"end":{"line":173,"column":24}},"78":{"start":{"line":174,"column":16},"end":{"line":174,"column":19}},"79":{"start":{"line":175,"column":16},"end":{"line":175,"column":39}},"80":{"start":{"line":177,"column":16},"end":{"line":177,"column":25}},"81":{"start":{"line":178,"column":16},"end":{"line":178,"column":23}},"82":{"start":{"line":184,"column":8},"end":{"line":184,"column":31}},"83":{"start":{"line":188,"column":8},"end":{"line":188,"column":29}},"84":{"start":{"line":192,"column":8},"end":{"line":192,"column":30}},"85":{"start":{"line":196,"column":8},"end":{"line":196,"column":35}},"86":{"start":{"line":200,"column":8},"end":{"line":200,"column":25}},"87":{"start":{"line":204,"column":8},"end":{"line":204,"column":35}},"88":{"start":{"line":208,"column":8},"end":{"line":208,"column":29}},"89":{"start":{"line":212,"column":8},"end":{"line":212,"column":36}},"90":{"start":{"line":216,"column":8},"end":{"line":216,"column":46}},"91":{"start":{"line":220,"column":8},"end":{"line":220,"column":52}},"92":{"start":{"line":224,"column":8},"end":{"line":226,"column":9}},"93":{"start":{"line":225,"column":12},"end":{"line":225,"column":75}},"94":{"start":{"line":227,"column":8},"end":{"line":227,"column":19}},"95":{"start":{"line":231,"column":8},"end":{"line":231,"column":35}},"96":{"start":{"line":240,"column":4},"end":{"line":240,"column":48}},"97":{"start":{"line":240,"column":34},"end":{"line":240,"column":48}},"98":{"start":{"line":241,"column":4},"end":{"line":241,"column":77}},"99":{"start":{"line":245,"column":4},"end":{"line":245,"column":73}},"100":{"start":{"line":248,"column":0},"end":{"line":250,"column":1}},"101":{"start":{"line":249,"column":4},"end":{"line":249,"column":29}}},"fnMap":{"0":{"name":"(anonymous_0)","decl":{"start":{"line":25,"column":4},"end":{"line":25,"column":5}},"loc":{"start":{"line":25,"column":22},"end":{"line":33,"column":5}},"line":25},"1":{"name":"(anonymous_1)","decl":{"start":{"line":28,"column":32},"end":{"line":28,"column":33}},"loc":{"start":{"line":28,"column":45},"end":{"line":32,"column":9}},"line":28},"2":{"name":"(anonymous_2)","decl":{"start":{"line":35,"column":4},"end":{"line":35,"column":5}},"loc":{"start":{"line":35,"column":15},"end":{"line":39,"column":5}},"line":35},"3":{"name":"(anonymous_3)","decl":{"start":{"line":41,"column":4},"end":{"line":41,"column":5}},"loc":{"start":{"line":41,"column":23},"end":{"line":43,"column":5}},"line":41},"4":{"name":"(anonymous_4)","decl":{"start":{"line":45,"column":4},"end":{"line":45,"column":5}},"loc":{"start":{"line":45,"column":20},"end":{"line":47,"column":5}},"line":45},"5":{"name":"(anonymous_5)","decl":{"start":{"line":49,"column":4},"end":{"line":49,"column":5}},"loc":{"start":{"line":49,"column":28},"end":{"line":51,"column":5}},"line":49},"6":{"name":"(anonymous_6)","decl":{"start":{"line":53,"column":4},"end":{"line":53,"column":5}},"loc":{"start":{"line":53,"column":67},"end":{"line":68,"column":5}},"line":53},"7":{"name":"(anonymous_7)","decl":{"start":{"line":63,"column":30},"end":{"line":63,"column":31}},"loc":{"start":{"line":63,"column":36},"end":{"line":65,"column":13}},"line":63},"8":{"name":"(anonymous_8)","decl":{"start":{"line":71,"column":4},"end":{"line":71,"column":5}},"loc":{"start":{"line":71,"column":16},"end":{"line":74,"column":5}},"line":71},"9":{"name":"(anonymous_9)","decl":{"start":{"line":76,"column":4},"end":{"line":76,"column":5}},"loc":{"start":{"line":76,"column":13},"end":{"line":78,"column":5}},"line":76},"10":{"name":"(anonymous_10)","decl":{"start":{"line":80,"column":4},"end":{"line":80,"column":5}},"loc":{"start":{"line":80,"column":19},"end":{"line":83,"column":5}},"line":80},"11":{"name":"(anonymous_11)","decl":{"start":{"line":82,"column":49},"end":{"line":82,"column":50}},"loc":{"start":{"line":82,"column":54},"end":{"line":82,"column":65}},"line":82},"12":{"name":"(anonymous_12)","decl":{"start":{"line":85,"column":4},"end":{"line":85,"column":5}},"loc":{"start":{"line":85,"column":19},"end":{"line":88,"column":5}},"line":85},"13":{"name":"(anonymous_13)","decl":{"start":{"line":90,"column":4},"end":{"line":90,"column":5}},"loc":{"start":{"line":90,"column":14},"end":{"line":92,"column":5}},"line":90},"14":{"name":"(anonymous_14)","decl":{"start":{"line":94,"column":4},"end":{"line":94,"column":5}},"loc":{"start":{"line":94,"column":28},"end":{"line":97,"column":5}},"line":94},"15":{"name":"(anonymous_15)","decl":{"start":{"line":99,"column":4},"end":{"line":99,"column":5}},"loc":{"start":{"line":99,"column":21},"end":{"line":102,"column":5}},"line":99},"16":{"name":"(anonymous_16)","decl":{"start":{"line":101,"column":49},"end":{"line":101,"column":50}},"loc":{"start":{"line":101,"column":54},"end":{"line":101,"column":64}},"line":101},"17":{"name":"(anonymous_17)","decl":{"start":{"line":104,"column":4},"end":{"line":104,"column":5}},"loc":{"start":{"line":104,"column":14},"end":{"line":107,"column":5}},"line":104},"18":{"name":"(anonymous_18)","decl":{"start":{"line":109,"column":4},"end":{"line":109,"column":5}},"loc":{"start":{"line":109,"column":17},"end":{"line":112,"column":5}},"line":109},"19":{"name":"(anonymous_19)","decl":{"start":{"line":114,"column":4},"end":{"line":114,"column":5}},"loc":{"start":{"line":114,"column":12},"end":{"line":116,"column":5}},"line":114},"20":{"name":"(anonymous_20)","decl":{"start":{"line":118,"column":4},"end":{"line":118,"column":5}},"loc":{"start":{"line":118,"column":14},"end":{"line":127,"column":5}},"line":118},"21":{"name":"(anonymous_21)","decl":{"start":{"line":129,"column":4},"end":{"line":129,"column":5}},"loc":{"start":{"line":129,"column":22},"end":{"line":141,"column":5}},"line":129},"22":{"name":"(anonymous_22)","decl":{"start":{"line":137,"column":41},"end":{"line":137,"column":42}},"loc":{"start":{"line":137,"column":52},"end":{"line":139,"column":13}},"line":137},"23":{"name":"(anonymous_23)","decl":{"start":{"line":143,"column":4},"end":{"line":143,"column":5}},"loc":{"start":{"line":143,"column":18},"end":{"line":157,"column":5}},"line":143},"24":{"name":"(anonymous_24)","decl":{"start":{"line":159,"column":4},"end":{"line":159,"column":5}},"loc":{"start":{"line":159,"column":27},"end":{"line":181,"column":5}},"line":159},"25":{"name":"(anonymous_25)","decl":{"start":{"line":162,"column":66},"end":{"line":162,"column":67}},"loc":{"start":{"line":162,"column":70},"end":{"line":162,"column":80}},"line":162},"26":{"name":"(anonymous_26)","decl":{"start":{"line":165,"column":19},"end":{"line":165,"column":20}},"loc":{"start":{"line":165,"column":32},"end":{"line":169,"column":9}},"line":165},"27":{"name":"(anonymous_27)","decl":{"start":{"line":183,"column":4},"end":{"line":183,"column":5}},"loc":{"start":{"line":183,"column":10},"end":{"line":185,"column":5}},"line":183},"28":{"name":"(anonymous_28)","decl":{"start":{"line":187,"column":4},"end":{"line":187,"column":5}},"loc":{"start":{"line":187,"column":16},"end":{"line":189,"column":5}},"line":187},"29":{"name":"(anonymous_29)","decl":{"start":{"line":191,"column":4},"end":{"line":191,"column":5}},"loc":{"start":{"line":191,"column":14},"end":{"line":193,"column":5}},"line":191},"30":{"name":"(anonymous_30)","decl":{"start":{"line":195,"column":4},"end":{"line":195,"column":5}},"loc":{"start":{"line":195,"column":11},"end":{"line":197,"column":5}},"line":195},"31":{"name":"(anonymous_31)","decl":{"start":{"line":199,"column":4},"end":{"line":199,"column":5}},"loc":{"start":{"line":199,"column":10},"end":{"line":201,"column":5}},"line":199},"32":{"name":"(anonymous_32)","decl":{"start":{"line":203,"column":4},"end":{"line":203,"column":5}},"loc":{"start":{"line":203,"column":13},"end":{"line":205,"column":5}},"line":203},"33":{"name":"(anonymous_33)","decl":{"start":{"line":207,"column":4},"end":{"line":207,"column":5}},"loc":{"start":{"line":207,"column":13},"end":{"line":209,"column":5}},"line":207},"34":{"name":"(anonymous_34)","decl":{"start":{"line":211,"column":4},"end":{"line":211,"column":5}},"loc":{"start":{"line":211,"column":13},"end":{"line":213,"column":5}},"line":211},"35":{"name":"(anonymous_35)","decl":{"start":{"line":215,"column":4},"end":{"line":215,"column":5}},"loc":{"start":{"line":215,"column":29},"end":{"line":217,"column":5}},"line":215},"36":{"name":"(anonymous_36)","decl":{"start":{"line":219,"column":4},"end":{"line":219,"column":5}},"loc":{"start":{"line":219,"column":20},"end":{"line":221,"column":5}},"line":219},"37":{"name":"(anonymous_37)","decl":{"start":{"line":223,"column":4},"end":{"line":223,"column":5}},"loc":{"start":{"line":223,"column":31},"end":{"line":228,"column":5}},"line":223},"38":{"name":"(anonymous_38)","decl":{"start":{"line":230,"column":4},"end":{"line":230,"column":5}},"loc":{"start":{"line":230,"column":37},"end":{"line":232,"column":5}},"line":230},"39":{"name":"asArray","decl":{"start":{"line":239,"column":9},"end":{"line":239,"column":16}},"loc":{"start":{"line":239,"column":23},"end":{"line":242,"column":1}},"line":239},"40":{"name":"asCuteSet","decl":{"start":{"line":244,"column":9},"end":{"line":244,"column":18}},"loc":{"start":{"line":244,"column":25},"end":{"line":246,"column":1}},"line":244}},"branchMap":{"0":{"loc":{"start":{"line":53,"column":29},"end":{"line":53,"column":44}},"type":"default-arg","locations":[{"start":{"line":53,"column":41},"end":{"line":53,"column":44}}],"line":53},"1":{"loc":{"start":{"line":53,"column":46},"end":{"line":53,"column":66}},"type":"default-arg","locations":[{"start":{"line":53,"column":61},"end":{"line":53,"column":66}}],"line":53},"2":{"loc":{"start":{"line":54,"column":8},"end":{"line":58,"column":9}},"type":"if","locations":[{"start":{"line":54,"column":8},"end":{"line":58,"column":9}},{"start":{"line":54,"column":8},"end":{"line":58,"column":9}}],"line":54},"3":{"loc":{"start":{"line":54,"column":11},"end":{"line":54,"column":34}},"type":"binary-expr","locations":[{"start":{"line":54,"column":11},"end":{"line":54,"column":17}},{"start":{"line":54,"column":21},"end":{"line":54,"column":34}}],"line":54},"4":{"loc":{"start":{"line":56,"column":15},"end":{"line":58,"column":9}},"type":"if","locations":[{"start":{"line":56,"column":15},"end":{"line":58,"column":9}},{"start":{"line":56,"column":15},"end":{"line":58,"column":9}}],"line":56},"5":{"loc":{"start":{"line":62,"column":8},"end":{"line":66,"column":9}},"type":"if","locations":[{"start":{"line":62,"column":8},"end":{"line":66,"column":9}},{"start":{"line":62,"column":8},"end":{"line":66,"column":9}}],"line":62},"6":{"loc":{"start":{"line":123,"column":12},"end":{"line":123,"column":35}},"type":"if","locations":[{"start":{"line":123,"column":12},"end":{"line":123,"column":35}},{"start":{"line":123,"column":12},"end":{"line":123,"column":35}}],"line":123},"7":{"loc":{"start":{"line":144,"column":8},"end":{"line":146,"column":9}},"type":"if","locations":[{"start":{"line":144,"column":8},"end":{"line":146,"column":9}},{"start":{"line":144,"column":8},"end":{"line":146,"column":9}}],"line":144},"8":{"loc":{"start":{"line":152,"column":12},"end":{"line":152,"column":32}},"type":"if","locations":[{"start":{"line":152,"column":12},"end":{"line":152,"column":32}},{"start":{"line":152,"column":12},"end":{"line":152,"column":32}}],"line":152},"9":{"loc":{"start":{"line":171,"column":12},"end":{"line":179,"column":13}},"type":"if","locations":[{"start":{"line":171,"column":12},"end":{"line":179,"column":13}},{"start":{"line":171,"column":12},"end":{"line":179,"column":13}}],"line":171},"10":{"loc":{"start":{"line":172,"column":16},"end":{"line":172,"column":64}},"type":"cond-expr","locations":[{"start":{"line":172,"column":28},"end":{"line":172,"column":43}},{"start":{"line":172,"column":46},"end":{"line":172,"column":64}}],"line":172},"11":{"loc":{"start":{"line":215,"column":13},"end":{"line":215,"column":28}},"type":"default-arg","locations":[{"start":{"line":215,"column":25},"end":{"line":215,"column":28}}],"line":215},"12":{"loc":{"start":{"line":224,"column":8},"end":{"line":226,"column":9}},"type":"if","locations":[{"start":{"line":224,"column":8},"end":{"line":226,"column":9}},{"start":{"line":224,"column":8},"end":{"line":226,"column":9}}],"line":224},"13":{"loc":{"start":{"line":240,"column":4},"end":{"line":240,"column":48}},"type":"if","locations":[{"start":{"line":240,"column":4},"end":{"line":240,"column":48}},{"start":{"line":240,"column":4},"end":{"line":240,"column":48}}],"line":240},"14":{"loc":{"start":{"line":241,"column":11},"end":{"line":241,"column":77}},"type":"cond-expr","locations":[{"start":{"line":241,"column":19},"end":{"line":241,"column":71}},{"start":{"line":241,"column":75},"end":{"line":241,"column":77}}],"line":241},"15":{"loc":{"start":{"line":241,"column":19},"end":{"line":241,"column":71}},"type":"cond-expr","locations":[{"start":{"line":241,"column":44},"end":{"line":241,"column":61}},{"start":{"line":241,"column":64},"end":{"line":241,"column":71}}],"line":241},"16":{"loc":{"start":{"line":245,"column":11},"end":{"line":245,"column":73}},"type":"cond-expr","locations":[{"start":{"line":245,"column":38},"end":{"line":245,"column":43}},{"start":{"line":245,"column":46},"end":{"line":245,"column":73}}],"line":245},"17":{"loc":{"start":{"line":248,"column":0},"end":{"line":250,"column":1}},"type":"if","locations":[{"start":{"line":248,"column":0},"end":{"line":250,"column":1}},{"start":{"line":248,"column":0},"end":{"line":250,"column":1}}],"line":248},"18":{"loc":{"start":{"line":248,"column":3},"end":{"line":248,"column":65}},"type":"binary-expr","locations":[{"start":{"line":248,"column":3},"end":{"line":248,"column":29}},{"start":{"line":248,"column":33},"end":{"line":248,"column":65}}],"line":248}},"s":{"0":143,"1":143,"2":1,"3":4,"4":0,"5":0,"6":0,"7":0,"8":0,"9":5,"10":0,"11":5,"12":0,"13":5,"14":5,"15":1,"16":4,"17":5,"18":27,"19":27,"20":0,"21":22,"22":22,"23":72,"24":3,"25":3,"26":7,"27":15,"28":15,"29":25,"30":25,"31":75,"32":13,"33":13,"34":4,"35":4,"36":0,"37":0,"38":0,"39":0,"40":0,"41":0,"42":0,"43":0,"44":0,"45":0,"46":0,"47":0,"48":0,"49":0,"50":0,"51":0,"52":0,"53":0,"54":0,"55":0,"56":0,"57":0,"58":0,"59":0,"60":0,"61":0,"62":0,"63":0,"64":0,"65":0,"66":0,"67":0,"68":0,"69":0,"70":0,"71":0,"72":0,"73":0,"74":0,"75":0,"76":0,"77":0,"78":0,"79":0,"80":0,"81":0,"82":156,"83":13,"84":0,"85":0,"86":10,"87":5,"88":2,"89":129,"90":28,"91":0,"92":0,"93":0,"94":0,"95":0,"96":166,"97":6,"98":160,"99":109,"100":1,"101":1},"f":{"0":143,"1":1,"2":0,"3":0,"4":0,"5":0,"6":5,"7":4,"8":27,"9":0,"10":22,"11":72,"12":3,"13":7,"14":15,"15":25,"16":75,"17":13,"18":4,"19":0,"20":0,"21":0,"22":0,"23":0,"24":0,"25":0,"26":0,"27":156,"28":13,"29":0,"30":0,"31":10,"32":5,"33":2,"34":129,"35":28,"36":0,"37":0,"38":0,"39":166,"40":109},"b":{"0":[0],"1":[4],"2":[0,5],"3":[5,5],"4":[0,5],"5":[1,4],"6":[0,0],"7":[0,0],"8":[0,0],"9":[0,0],"10":[0,0],"11":[27],"12":[0,0],"13":[6,160],"14":[150,10],"15":[144,6],"16":[86,23],"17":[1,0],"18":[1,1]},"_coverageSchema":"1a1c01bbd47fc00a2c39e90264f33305004495a9","hash":"c76a44f839655b2f2c5b474f5153b8858102da5a"}
}
