TN:
SF:lib/CuteSet.js
FN:25,(anonymous_0)
FN:28,(anonymous_1)
FN:35,(anonymous_2)
FN:41,(anonymous_3)
FN:45,(anonymous_4)
FN:49,(anonymous_5)
FN:53,(anonymous_6)
FN:63,(anonymous_7)
FN:71,(anonymous_8)
FN:76,(anonymous_9)
FN:80,(anonymous_10)
FN:82,(anonymous_11)
FN:85,(anonymous_12)
FN:90,(anonymous_13)
FN:94,(anonymous_14)
FN:99,(anonymous_15)
FN:101,(anonymous_16)
FN:104,(anonymous_17)
FN:109,(anonymous_18)
FN:114,(anonymous_19)
FN:118,(anonymous_20)
FN:129,(anonymous_21)
FN:137,(anonymous_22)
FN:143,(anonymous_23)
FN:159,(anonymous_24)
FN:162,(anonymous_25)
FN:165,(anonymous_26)
FN:183,(anonymous_27)
FN:187,(anonymous_28)
FN:191,(anonymous_29)
FN:195,(anonymous_30)
FN:199,(anonymous_31)
FN:203,(anonymous_32)
FN:207,(anonymous_33)
FN:211,(anonymous_34)
FN:215,(anonymous_35)
FN:219,(anonymous_36)
FN:223,(anonymous_37)
FN:230,(anonymous_38)
FN:239,asArray
FN:244,asCuteSet
FNF:41
FNH:23
FNDA:143,(anonymous_0)
FNDA:1,(anonymous_1)
FNDA:0,(anonymous_2)
FNDA:0,(anonymous_3)
FNDA:0,(anonymous_4)
FNDA:0,(anonymous_5)
FNDA:5,(anonymous_6)
FNDA:4,(anonymous_7)
FNDA:27,(anonymous_8)
FNDA:0,(anonymous_9)
FNDA:22,(anonymous_10)
FNDA:72,(anonymous_11)
FNDA:3,(anonymous_12)
FNDA:7,(anonymous_13)
FNDA:15,(anonymous_14)
FNDA:25,(anonymous_15)
FNDA:75,(anonymous_16)
FNDA:13,(anonymous_17)
FNDA:4,(anonymous_18)
FNDA:0,(anonymous_19)
FNDA:0,(anonymous_20)
FNDA:0,(anonymous_21)
FNDA:0,(anonymous_22)
FNDA:0,(anonymous_23)
FNDA:0,(anonymous_24)
FNDA:0,(anonymous_25)
FNDA:0,(anonymous_26)
FNDA:156,(anonymous_27)
FNDA:13,(anonymous_28)
FNDA:0,(anonymous_29)
FNDA:0,(anonymous_30)
FNDA:10,(anonymous_31)
FNDA:5,(anonymous_32)
FNDA:2,(anonymous_33)
FNDA:129,(anonymous_34)
FNDA:28,(anonymous_35)
FNDA:0,(anonymous_36)
FNDA:0,(anonymous_37)
FNDA:0,(anonymous_38)
FNDA:166,asArray
FNDA:109,asCuteSet
DA:26,143
DA:28,143
DA:29,1
DA:30,4
DA:36,0
DA:37,0
DA:42,0
DA:46,0
DA:50,0
DA:54,5
DA:55,0
DA:56,5
DA:57,0
DA:60,5
DA:62,5
DA:63,1
DA:64,4
DA:67,5
DA:72,27
DA:73,27
DA:77,0
DA:81,22
DA:82,72
DA:86,3
DA:87,3
DA:91,7
DA:95,15
DA:96,15
DA:100,25
DA:101,75
DA:105,13
DA:106,13
DA:110,4
DA:111,4
DA:115,0
DA:119,0
DA:120,0
DA:121,0
DA:122,0
DA:123,0
DA:124,0
DA:126,0
DA:130,0
DA:132,0
DA:133,0
DA:134,0
DA:135,0
DA:136,0
DA:137,0
DA:138,0
DA:144,0
DA:145,0
DA:148,0
DA:149,0
DA:150,0
DA:151,0
DA:152,0
DA:153,0
DA:156,0
DA:160,0
DA:161,0
DA:162,0
DA:163,0
DA:164,0
DA:165,0
DA:166,0
DA:167,0
DA:168,0
DA:170,0
DA:171,0
DA:172,0
DA:173,0
DA:174,0
DA:175,0
DA:177,0
DA:178,0
DA:184,156
DA:188,13
DA:192,0
DA:196,0
DA:200,10
DA:204,5
DA:208,2
DA:212,129
DA:216,28
DA:220,0
DA:224,0
DA:225,0
DA:227,0
DA:231,0
DA:240,166
DA:241,160
DA:245,109
DA:248,1
DA:249,1
LF:95
LH:38
BRDA:53,0,0,0
BRDA:53,1,0,4
BRDA:54,2,0,0
BRDA:54,2,1,5
BRDA:54,3,0,5
BRDA:54,3,1,5
BRDA:56,4,0,0
BRDA:56,4,1,5
BRDA:62,5,0,1
BRDA:62,5,1,4
BRDA:123,6,0,0
BRDA:123,6,1,0
BRDA:144,7,0,0
BRDA:144,7,1,0
BRDA:152,8,0,0
BRDA:152,8,1,0
BRDA:171,9,0,0
BRDA:171,9,1,0
BRDA:172,10,0,0
BRDA:172,10,1,0
BRDA:215,11,0,27
BRDA:224,12,0,0
BRDA:224,12,1,0
BRDA:240,13,0,6
BRDA:240,13,1,160
BRDA:241,14,0,150
BRDA:241,14,1,10
BRDA:241,15,0,144
BRDA:241,15,1,6
BRDA:245,16,0,86
BRDA:245,16,1,23
BRDA:248,17,0,1
BRDA:248,17,1,0
BRDA:248,18,0,1
BRDA:248,18,1,1
BRF:35
BRH:19
end_of_record
